Using pre-set license
Built from '2022.3/staging' branch; Version is '2022.3.10f1 (ff3792e53c62) revision 16725906'; Using compiler version '192829333'; Build Type 'Release'
OS: 'Windows 10  (10.0.19045) 64bit Core' Language: 'tr' Physical Memory: 16259 MB
BatchMode: 1, IsHumanControllingUs: 0, StartBugReporterOnCrash: 0, Is64bit: 1, IsPro: 1

COMMAND LINE ARGUMENTS:
C:\Program Files\Unity\Hub\Editor\2022.3.10f1\Editor\Unity.exe
-adb2
-batchMode
-noUpm
-name
AssetImportWorker0
-projectPath
C:/Users/Meltem/Desktop/Facade/Facade
-logFile
Logs/AssetImportWorker0.log
-srvPort
50303
Successfully changed project path to: C:/Users/Meltem/Desktop/Facade/Facade
C:/Users/Meltem/Desktop/Facade/Facade
[UnityMemory] Configuration Parameters - Can be set up in boot.config
    "memorysetup-bucket-allocator-granularity=16"
    "memorysetup-bucket-allocator-bucket-count=8"
    "memorysetup-bucket-allocator-block-size=33554432"
    "memorysetup-bucket-allocator-block-count=8"
    "memorysetup-main-allocator-block-size=16777216"
    "memorysetup-thread-allocator-block-size=16777216"
    "memorysetup-gfx-main-allocator-block-size=16777216"
    "memorysetup-gfx-thread-allocator-block-size=16777216"
    "memorysetup-cache-allocator-block-size=4194304"
    "memorysetup-typetree-allocator-block-size=2097152"
    "memorysetup-profiler-bucket-allocator-granularity=16"
    "memorysetup-profiler-bucket-allocator-bucket-count=8"
    "memorysetup-profiler-bucket-allocator-block-size=33554432"
    "memorysetup-profiler-bucket-allocator-block-count=8"
    "memorysetup-profiler-allocator-block-size=16777216"
    "memorysetup-profiler-editor-allocator-block-size=1048576"
    "memorysetup-temp-allocator-size-main=16777216"
    "memorysetup-job-temp-allocator-block-size=2097152"
    "memorysetup-job-temp-allocator-block-size-background=1048576"
    "memorysetup-job-temp-allocator-reduction-small-platforms=262144"
    "memorysetup-allocator-temp-initial-block-size-main=262144"
    "memorysetup-allocator-temp-initial-block-size-worker=262144"
    "memorysetup-temp-allocator-size-background-worker=32768"
    "memorysetup-temp-allocator-size-job-worker=262144"
    "memorysetup-temp-allocator-size-preload-manager=33554432"
    "memorysetup-temp-allocator-size-nav-mesh-worker=65536"
    "memorysetup-temp-allocator-size-audio-worker=65536"
    "memorysetup-temp-allocator-size-cloud-worker=32768"
    "memorysetup-temp-allocator-size-gi-baking-worker=262144"
    "memorysetup-temp-allocator-size-gfx=262144"
Player connection [8072] Host "[IP] 192.168.1.105 [Port] 0 [Flags] 2 [Guid] 2527615260 [EditorId] 2527615260 [Version] 1048832 [Id] WindowsEditor(7,DESKTOP-6K2NNVM) [Debug] 1 [PackageName] WindowsEditor [ProjectName] Editor" joined multi-casting on [225.0.0.222:54997]...

Player connection [8072] Host "[IP] 192.168.1.105 [Port] 0 [Flags] 2 [Guid] 2527615260 [EditorId] 2527615260 [Version] 1048832 [Id] WindowsEditor(7,DESKTOP-6K2NNVM) [Debug] 1 [PackageName] WindowsEditor [ProjectName] Editor" joined alternative multi-casting on [225.0.0.222:34997]...

[Physics::Module] Initialized MultithreadedJobDispatcher with 7 workers.
Refreshing native plugins compatible for Editor in 13.29 ms, found 3 plugins.
Preloading 0 native plugins for Editor in 0.00 ms.
Initialize engine version: 2022.3.10f1 (ff3792e53c62)
[Subsystems] Discovering subsystems at path C:/Program Files/Unity/Hub/Editor/2022.3.10f1/Editor/Data/Resources/UnitySubsystems
[Subsystems] Discovering subsystems at path C:/Users/Meltem/Desktop/Facade/Facade/Assets
GfxDevice: creating device client; threaded=0; jobified=0
Direct3D:
    Version:  Direct3D 11.0 [level 11.1]
    Renderer: NVIDIA GeForce GTX 1050 (ID=0x1c8d)
    Vendor:   NVIDIA
    VRAM:     4021 MB
    Driver:   23.21.13.9125
Initialize mono
Mono path[0] = 'C:/Program Files/Unity/Hub/Editor/2022.3.10f1/Editor/Data/Managed'
Mono path[1] = 'C:/Program Files/Unity/Hub/Editor/2022.3.10f1/Editor/Data/MonoBleedingEdge/lib/mono/unityjit-win32'
Mono config path = 'C:/Program Files/Unity/Hub/Editor/2022.3.10f1/Editor/Data/MonoBleedingEdge/etc'
Using monoOptions --debugger-agent=transport=dt_socket,embedding=1,server=y,suspend=n,address=127.0.0.1:56008
Begin MonoManager ReloadAssembly
Registering precompiled unity dll's ...
Registered in 0.010037 seconds.
- Loaded All Assemblies, in  0.579 seconds
Mono: successfully reloaded assembly
- Finished resetting the current domain, in  0.549 seconds
Domain Reload Profiling: 1127ms
	BeginReloadAssembly (154ms)
		ExecutionOrderSort (0ms)
		DisableScriptedObjects (0ms)
		BackupInstance (0ms)
		ReleaseScriptingObjects (0ms)
		CreateAndSetChildDomain (1ms)
	RebuildCommonClasses (56ms)
	RebuildNativeTypeToScriptingClass (18ms)
	initialDomainReloadingComplete (72ms)
	LoadAllAssembliesAndSetupDomain (277ms)
		LoadAssemblies (151ms)
		RebuildTransferFunctionScriptingTraits (0ms)
		AnalyzeDomain (275ms)
			TypeCache.Refresh (273ms)
				TypeCache.ScanAssembly (245ms)
			ScanForSourceGeneratedMonoScriptInfo (1ms)
			ResolveRequiredComponents (1ms)
	FinalizeReload (550ms)
		ReleaseScriptCaches (0ms)
		RebuildScriptCaches (0ms)
		SetupLoadedEditorAssemblies (424ms)
			LogAssemblyErrors (0ms)
			InitializePlatformSupportModulesInManaged (5ms)
			SetLoadedEditorAssemblies (56ms)
			RefreshPlugins (0ms)
			BeforeProcessingInitializeOnLoad (5ms)
			ProcessInitializeOnLoadAttributes (269ms)
			ProcessInitializeOnLoadMethodAttributes (89ms)
			AfterProcessingInitializeOnLoad (0ms)
			EditorAssembliesLoaded (0ms)
		ExecutionOrderSort2 (0ms)
		AwakeInstancesAfterBackupRestoration (0ms)
DirectoryNotFoundException: Could not find a part of the path 'C:\Program Files\Unity\Hub\Editor\2022.3.10f1\Editor\Data\UnityReferenceAssemblies\unity-4.8-api\Facades'.
  at System.IO.Enumeration.FileSystemEnumerator`1[TResult].CreateDirectoryHandle (System.String path, System.Boolean ignoreNotFound) [0x0004d] in <787acc3c9a4c471ba7d971300105af24>:0 
  at System.IO.Enumeration.FileSystemEnumerator`1[TResult]..ctor (System.String directory, System.IO.EnumerationOptions options) [0x00050] in <787acc3c9a4c471ba7d971300105af24>:0 
  at System.IO.Enumeration.FileSystemEnumerable`1+DelegateEnumerator[TResult]..ctor (System.IO.Enumeration.FileSystemEnumerable`1[TResult] enumerable) [0x00000] in <787acc3c9a4c471ba7d971300105af24>:0 
  at System.IO.Enumeration.FileSystemEnumerable`1[TResult]..ctor (System.String directory, System.IO.Enumeration.FileSystemEnumerable`1+FindTransform[TResult] transform, System.IO.EnumerationOptions options) [0x00042] in <787acc3c9a4c471ba7d971300105af24>:0 
  at System.IO.Enumeration.FileSystemEnumerableFactory.UserFiles (System.String directory, System.String expression, System.IO.EnumerationOptions options) [0x00014] in <787acc3c9a4c471ba7d971300105af24>:0 
  at System.IO.Directory.InternalEnumeratePaths (System.String path, System.String searchPattern, System.IO.SearchTarget searchTarget, System.IO.EnumerationOptions options) [0x0003c] in <787acc3c9a4c471ba7d971300105af24>:0 
  at System.IO.Directory.GetFiles (System.String path, System.String searchPattern, System.IO.EnumerationOptions enumerationOptions) [0x00000] in <787acc3c9a4c471ba7d971300105af24>:0 
  at System.IO.Directory.GetFiles (System.String path, System.String searchPattern) [0x00007] in <787acc3c9a4c471ba7d971300105af24>:0 
  at UnityEditor.Scripting.ScriptCompilation.MonoLibraryHelpers.GetCachedSystemLibraryReferences (UnityEditor.ApiCompatibilityLevel apiCompatibilityLevel) [0x00091] in <fe7039efe678478d9c83e73bc6a6566d>:0 
  at UnityEditor.Scripting.ScriptCompilation.MonoLibraryHelpers.GetSystemLibraryReferences (UnityEditor.ApiCompatibilityLevel apiCompatibilityLevel) [0x00001] in <fe7039efe678478d9c83e73bc6a6566d>:0 
  at UnityEditor.Scripting.ScriptCompilation.LoadingAssemblyDefinition.SetAllCustomScriptAssemblyJsonContents (System.String[] paths, System.String[] contents, System.String[] guids) [0x00132] in <fe7039efe678478d9c83e73bc6a6566d>:0 
UnityEngine.DebugLogHandler:Internal_LogException(Exception, Object)
UnityEngine.DebugLogHandler:LogException(Exception, Object)
UnityEngine.Logger:LogException(Exception, Object)
UnityEngine.Debug:LogException(Exception)
UnityEditor.Scripting.ScriptCompilation.EditorCompilationInterface:LogException(Exception)
UnityEditor.Scripting.ScriptCompilation.EditorCompilationInterface:EmitExceptionsAsErrors(IEnumerable`1)
UnityEditor.Scripting.ScriptCompilation.EditorCompilationInterface:SetAllCustomScriptAssemblyJsonContents(String[], String[], String[])

========================================================================
Worker process is ready to serve import requests
DirectoryNotFoundException: Could not find a part of the path 'C:\Program Files\Unity\Hub\Editor\2022.3.10f1\Editor\Data\UnityReferenceAssemblies\unity-4.8-api\Facades'.
  at System.IO.Enumeration.FileSystemEnumerator`1[TResult].CreateDirectoryHandle (System.String path, System.Boolean ignoreNotFound) [0x0004d] in <787acc3c9a4c471ba7d971300105af24>:0 
  at System.IO.Enumeration.FileSystemEnumerator`1[TResult]..ctor (System.String directory, System.IO.EnumerationOptions options) [0x00050] in <787acc3c9a4c471ba7d971300105af24>:0 
  at System.IO.Enumeration.FileSystemEnumerable`1+DelegateEnumerator[TResult]..ctor (System.IO.Enumeration.FileSystemEnumerable`1[TResult] enumerable) [0x00000] in <787acc3c9a4c471ba7d971300105af24>:0 
  at System.IO.Enumeration.FileSystemEnumerable`1[TResult]..ctor (System.String directory, System.IO.Enumeration.FileSystemEnumerable`1+FindTransform[TResult] transform, System.IO.EnumerationOptions options) [0x00042] in <787acc3c9a4c471ba7d971300105af24>:0 
  at System.IO.Enumeration.FileSystemEnumerableFactory.UserFiles (System.String directory, System.String expression, System.IO.EnumerationOptions options) [0x00014] in <787acc3c9a4c471ba7d971300105af24>:0 
  at System.IO.Directory.InternalEnumeratePaths (System.String path, System.String searchPattern, System.IO.SearchTarget searchTarget, System.IO.EnumerationOptions options) [0x0003c] in <787acc3c9a4c471ba7d971300105af24>:0 
  at System.IO.Directory.GetFiles (System.String path, System.String searchPattern, System.IO.EnumerationOptions enumerationOptions) [0x00000] in <787acc3c9a4c471ba7d971300105af24>:0 
  at System.IO.Directory.GetFiles (System.String path, System.String searchPattern) [0x00007] in <787acc3c9a4c471ba7d971300105af24>:0 
  at UnityEditor.Scripting.ScriptCompilation.MonoLibraryHelpers.GetCachedSystemLibraryReferences (UnityEditor.ApiCompatibilityLevel apiCompatibilityLevel) [0x00091] in <fe7039efe678478d9c83e73bc6a6566d>:0 
  at UnityEditor.Scripting.ScriptCompilation.MonoLibraryHelpers.GetSystemLibraryReferences (UnityEditor.ApiCompatibilityLevel apiCompatibilityLevel) [0x00001] in <fe7039efe678478d9c83e73bc6a6566d>:0 
  at UnityEditor.Scripting.ScriptCompilation.LoadingAssemblyDefinition.SetAllCustomScriptAssemblyJsonContents (System.String[] paths, System.String[] contents, System.String[] guids) [0x00132] in <fe7039efe678478d9c83e73bc6a6566d>:0 
UnityEngine.DebugLogHandler:Internal_LogException(Exception, Object)
UnityEngine.DebugLogHandler:LogException(Exception, Object)
UnityEngine.Logger:LogException(Exception, Object)
UnityEngine.Debug:LogException(Exception)
UnityEditor.Scripting.ScriptCompilation.EditorCompilationInterface:LogException(Exception)
UnityEditor.Scripting.ScriptCompilation.EditorCompilationInterface:EmitExceptionsAsErrors(IEnumerable`1)
UnityEditor.Scripting.ScriptCompilation.EditorCompilationInterface:SetAllCustomScriptAssemblyJsonContents(String[], String[], String[])

Begin MonoManager ReloadAssembly
- Loaded All Assemblies, in  0.919 seconds
Refreshing native plugins compatible for Editor in 7.81 ms, found 3 plugins.
DirectoryNotFoundException: Could not find a part of the path 'C:\Program Files\Unity\Hub\Editor\2022.3.10f1\Editor\Data\UnityReferenceAssemblies\unity-4.8-api\Facades'.
  at System.IO.Enumeration.FileSystemEnumerator`1[TResult].CreateDirectoryHandle (System.String path, System.Boolean ignoreNotFound) [0x0004d] in <787acc3c9a4c471ba7d971300105af24>:0 
  at System.IO.Enumeration.FileSystemEnumerator`1[TResult]..ctor (System.String directory, System.IO.EnumerationOptions options) [0x00050] in <787acc3c9a4c471ba7d971300105af24>:0 
  at System.IO.Enumeration.FileSystemEnumerable`1+DelegateEnumerator[TResult]..ctor (System.IO.Enumeration.FileSystemEnumerable`1[TResult] enumerable) [0x00000] in <787acc3c9a4c471ba7d971300105af24>:0 
  at System.IO.Enumeration.FileSystemEnumerable`1[TResult]..ctor (System.String directory, System.IO.Enumeration.FileSystemEnumerable`1+FindTransform[TResult] transform, System.IO.EnumerationOptions options) [0x00042] in <787acc3c9a4c471ba7d971300105af24>:0 
  at System.IO.Enumeration.FileSystemEnumerableFactory.UserFiles (System.String directory, System.String expression, System.IO.EnumerationOptions options) [0x00014] in <787acc3c9a4c471ba7d971300105af24>:0 
  at System.IO.Directory.InternalEnumeratePaths (System.String path, System.String searchPattern, System.IO.SearchTarget searchTarget, System.IO.EnumerationOptions options) [0x0003c] in <787acc3c9a4c471ba7d971300105af24>:0 
  at System.IO.Directory.GetFiles (System.String path, System.String searchPattern, System.IO.EnumerationOptions enumerationOptions) [0x00000] in <787acc3c9a4c471ba7d971300105af24>:0 
  at System.IO.Directory.GetFiles (System.String path, System.String searchPattern) [0x00007] in <787acc3c9a4c471ba7d971300105af24>:0 
  at UnityEditor.Scripting.ScriptCompilation.MonoLibraryHelpers.GetCachedSystemLibraryReferences (UnityEditor.ApiCompatibilityLevel apiCompatibilityLevel) [0x00091] in <fe7039efe678478d9c83e73bc6a6566d>:0 
  at UnityEditor.Scripting.ScriptCompilation.MonoLibraryHelpers.GetSystemLibraryReferences (UnityEditor.ApiCompatibilityLevel apiCompatibilityLevel) [0x00001] in <fe7039efe678478d9c83e73bc6a6566d>:0 
  at UnityEditor.Scripting.ScriptCompilation.LoadingAssemblyDefinition.SetAllCustomScriptAssemblyJsonContents (System.String[] paths, System.String[] contents, System.String[] guids) [0x00132] in <fe7039efe678478d9c83e73bc6a6566d>:0 
UnityEngine.DebugLogHandler:Internal_LogException(Exception, Object)
UnityEngine.DebugLogHandler:LogException(Exception, Object)
UnityEngine.Logger:LogException(Exception, Object)
UnityEngine.Debug:LogException(Exception)
UnityEditor.Scripting.ScriptCompilation.EditorCompilationInterface:LogException(Exception)
UnityEditor.Scripting.ScriptCompilation.EditorCompilationInterface:EmitExceptionsAsErrors(IEnumerable`1)
UnityEditor.Scripting.ScriptCompilation.EditorCompilationInterface:SetAllCustomScriptAssemblyJsonContents(String[], String[], String[])

Mono: successfully reloaded assembly
- Finished resetting the current domain, in  0.749 seconds
Domain Reload Profiling: 1664ms
	BeginReloadAssembly (274ms)
		ExecutionOrderSort (0ms)
		DisableScriptedObjects (10ms)
		BackupInstance (0ms)
		ReleaseScriptingObjects (0ms)
		CreateAndSetChildDomain (40ms)
	RebuildCommonClasses (70ms)
	RebuildNativeTypeToScriptingClass (25ms)
	initialDomainReloadingComplete (91ms)
	LoadAllAssembliesAndSetupDomain (453ms)
		LoadAssemblies (400ms)
		RebuildTransferFunctionScriptingTraits (0ms)
		AnalyzeDomain (210ms)
			TypeCache.Refresh (203ms)
				TypeCache.ScanAssembly (179ms)
			ScanForSourceGeneratedMonoScriptInfo (4ms)
			ResolveRequiredComponents (1ms)
	FinalizeReload (750ms)
		ReleaseScriptCaches (0ms)
		RebuildScriptCaches (0ms)
		SetupLoadedEditorAssemblies (462ms)
			LogAssemblyErrors (0ms)
			InitializePlatformSupportModulesInManaged (2ms)
			SetLoadedEditorAssemblies (5ms)
			RefreshPlugins (0ms)
			BeforeProcessingInitializeOnLoad (146ms)
			ProcessInitializeOnLoadAttributes (254ms)
			ProcessInitializeOnLoadMethodAttributes (39ms)
			AfterProcessingInitializeOnLoad (15ms)
			EditorAssembliesLoaded (0ms)
		ExecutionOrderSort2 (0ms)
		AwakeInstancesAfterBackupRestoration (15ms)
Launched and connected shader compiler UnityShaderCompiler.exe after 0.08 seconds
Refreshing native plugins compatible for Editor in 7.43 ms, found 3 plugins.
Preloading 0 native plugins for Editor in 0.00 ms.
Unloading 3133 Unused Serialized files (Serialized files now loaded: 0)
Unloading 18 unused Assets / (56.7 KB). Loaded Objects now: 3590.
Memory consumption went from 108.8 MB to 108.8 MB.
Total: 8.864600 ms (FindLiveObjects: 0.425500 ms CreateObjectMapping: 0.616400 ms MarkObjects: 7.667700 ms  DeleteObjects: 0.153500 ms)

AssetImportParameters requested are different than current active one (requested -> active):
  custom:video-decoder-ogg-theora: a1e56fd34408186e4bbccfd4996cb3dc -> 
  custom:container-muxer-webm: aa71ff27fc2769a1b78a27578f13a17b -> 
  custom:container-demuxer-webm: 4f35f7cbe854078d1ac9338744f61a02 -> 
  custom:video-encoder-webm-vp8: eb34c28f22e8b96e1ab97ce403110664 -> 
  custom:audio-encoder-webm-vorbis: bf7c407c2cedff20999df2af8eb42d56 -> 
  custom:framework-win-MediaFoundation: 216162199b28c13a410421893ffa2e32 -> 
  custom:container-demuxer-ogg: 62fdf1f143b41e24485cea50d1cbac27 -> 
  custom:video-decoder-webm-vp8: 9c59270c3fd7afecdb556c50c9e8de78 -> 
  custom:audio-decoder-ogg-vorbis: bf7c407c2cedff20999df2af8eb42d56 -> 
  custom:AudioImporter_EditorPlatform: d09bf68614088b80899f8185d706f6e7 -> 
========================================================================
Received Import Request.
  Time since last request: 86781.626758 seconds.
  path: Assets/Scenes
  artifactKey: Guid(e958d14dabdcd0d46bd0ae1299cfa3b9) Importer(815301076,1909f56bfc062723c751e8b465ee728b)
Start importing Assets/Scenes using Guid(e958d14dabdcd0d46bd0ae1299cfa3b9) Importer(815301076,1909f56bfc062723c751e8b465ee728b)  -> (artifact id: 'a25eaa6ca79daa04d303278ba4646a22') in 0.003589 seconds
Number of updated asset objects reloaded before import = 0
Number of asset objects unloaded after import = 0
========================================================================
Received Import Request.
  Time since last request: 0.000025 seconds.
  path: Assets/Scenes/Facade.unity
  artifactKey: Guid(9fc0d4010bbf28b4594072e72b8655ab) Importer(815301076,1909f56bfc062723c751e8b465ee728b)
Start importing Assets/Scenes/Facade.unity using Guid(9fc0d4010bbf28b4594072e72b8655ab) Importer(815301076,1909f56bfc062723c751e8b465ee728b)  -> (artifact id: 'adcd4f0e01e1e2814020b773032ac636') in 0.000623 seconds
Number of updated asset objects reloaded before import = 0
Number of asset objects unloaded after import = 0
========================================================================
Received Prepare
Refreshing native plugins compatible for Editor in 3.35 ms, found 3 plugins.
Preloading 0 native plugins for Editor in 0.00 ms.
Unloading 0 Unused Serialized files (Serialized files now loaded: 0)
Unloading 1 unused Assets / (0.8 KB). Loaded Objects now: 3590.
Memory consumption went from 56.8 MB to 56.8 MB.
Total: 3.626900 ms (FindLiveObjects: 0.285900 ms CreateObjectMapping: 0.359800 ms MarkObjects: 2.960500 ms  DeleteObjects: 0.019700 ms)

Prepare: number of updated asset objects reloaded= 0
AssetImportParameters requested are different than current active one (requested -> active):
  custom:container-muxer-webm: aa71ff27fc2769a1b78a27578f13a17b -> 
  custom:video-decoder-ogg-theora: a1e56fd34408186e4bbccfd4996cb3dc -> 
  custom:container-demuxer-webm: 4f35f7cbe854078d1ac9338744f61a02 -> 
  custom:video-encoder-webm-vp8: eb34c28f22e8b96e1ab97ce403110664 -> 
  custom:CustomObjectIndexerAttribute: 756ad292c208cfabdd7b50bc23989ffe -> 
  custom:audio-encoder-webm-vorbis: bf7c407c2cedff20999df2af8eb42d56 -> 
  custom:framework-win-MediaFoundation: 216162199b28c13a410421893ffa2e32 -> 
  custom:SearchIndexIgnoredProperties: e643bd26f0fe6173181afceb89e7c659 -> 
  custom:container-demuxer-ogg: 62fdf1f143b41e24485cea50d1cbac27 -> 
  custom:video-decoder-webm-vp8: 9c59270c3fd7afecdb556c50c9e8de78 -> 
  custom:audio-decoder-ogg-vorbis: bf7c407c2cedff20999df2af8eb42d56 -> 
  custom:AudioImporter_EditorPlatform: d09bf68614088b80899f8185d706f6e7 -> 
